ZqYMdOwAAAAJ doesn't have publicatios for the current year: 2024
[1] "(1) ZqYMdOwAAAAJ [DONE]"
[1] "(2) Qmy124UAAAAJ [DONE]"
[1] "(3) mwyKeMsAAAAJ [DONE]"
GR8ZSTAAAAAJ doesn't have publicatios for the current year: 2024
[1] "(4) GR8ZSTAAAAAJ [DONE]"
GYTGrJcAAAAJ doesn't have publicatios for the current year: 2024
[1] "(5) GYTGrJcAAAAJ [DONE]"
[1] "(6) Bf61YbEAAAAJ [DONE]"
[1] "(7) RKkOH2gAAAAJ [DONE]"
[1] "(8) fa2aju0AAAAJ [DONE]"
2y1HyyIAAAAJ doesn't have publicatios for the current year: 2024
[1] "(9) 2y1HyyIAAAAJ [DONE]"
[1] "(10) K-GHEeMAAAAJ [DONE]"
8NiqigMAAAAJ doesn't have publicatios for the current year: 2024
[1] "(11) 8NiqigMAAAAJ [DONE]"
[1] "(12) JfM3t_YAAAAJ [DONE]"
hHIYVigAAAAJ doesn't have publicatios for the current year: 2024
[1] "(13) hHIYVigAAAAJ [DONE]"
UHhZKDYAAAAJ doesn't have publicatios for the current year: 2024
[1] "(14) UHhZKDYAAAAJ [DONE]"
DFzUUEAAAAAJ doesn't have publicatios for the current year: 2024
[1] "(15) DFzUUEAAAAAJ [DONE]"
[1] "(16) 4hAJABsAAAAJ [DONE]"
[1] "(17) hqUWwvIAAAAJ [DONE]"
[1] "(18) wko8x6sAAAAJ [DONE]"
lccZrhwAAAAJ doesn't have publicatios for the current year: 2024
[1] "(19) lccZrhwAAAAJ [DONE]"
[1] "(20) XEDEjHYAAAAJ [DONE]"
[1] "(21) PNNZrPYAAAAJ [DONE]"
[1] "(22) b1l_yC0AAAAJ [DONE]"
[1] "(23) u1JW8CcAAAAJ [DONE]"
[1] "(24) DpufSsUAAAAJ [DONE]"
ZUrOvJ4AAAAJ doesn't have publicatios for the current year: 2024
[1] "(25) ZUrOvJ4AAAAJ [DONE]"
[1] "(26) 72mY4NwAAAAJ [DONE]"
NSprWU4AAAAJ doesn't have publicatios for the current year: 2024
[1] "(27) NSprWU4AAAAJ [DONE]"
[1] "(28) RaidJAsAAAAJ [DONE]"
Ega-LygAAAAJ doesn't have publicatios for the current year: 2024
[1] "(29) Ega-LygAAAAJ [DONE]"
[1] "(30) dqycf7AAAAAJ [DONE]"
C3G_pksAAAAJ doesn't have publicatios for the current year: 2024
[1] "(31) C3G_pksAAAAJ [DONE]"
[1] "(32) _uUrORoAAAAJ [DONE]"
[1] "(33) Yspcb04AAAAJ [DONE]"
[1] "(34) ZGIIu8wAAAAJ [DONE]"
[1] "(35) 03RIVn0AAAAJ [DONE]"
[1] "(36) 2sU62jYAAAAJ [DONE]"
[1] "(37) PUIBD64AAAAJ [DONE]"
[1] "(38) GjYyTt8AAAAJ [DONE]"
[1] "(39) misDVO0AAAAJ [DONE]"
pLmH1l4AAAAJ doesn't have publicatios for the current year: 2024
[1] "(40) pLmH1l4AAAAJ [DONE]"
[1] "(41) fiqURZEAAAAJ [DONE]"
[1] "(42) XoYxbGcAAAAJ [DONE]"
[1] "(43) SB2XDZUAAAAJ [DONE]"
[1] "(44) 7ENE27EAAAAJ [DONE]"
[1] "(45) p-Rne_wAAAAJ [DONE]"
[1] "(46) midpegMAAAAJ [DONE]"
pjp54QIAAAAJ doesn't have publicatios for the current year: 2024
[1] "(47) pjp54QIAAAAJ [DONE]"
[1] "(48) 0fNwcSsAAAAJ [DONE]"
[1] "(49) TFQZS7gAAAAJ [DONE]"
nsrN2TkAAAAJ doesn't have publicatios for the current year: 2024
[1] "(50) nsrN2TkAAAAJ [DONE]"
fhBunUMAAAAJ doesn't have publicatios for the current year: 2024
[1] "(51) fhBunUMAAAAJ [DONE]"
l5pdKEMAAAAJ doesn't have publicatios for the current year: 2024
[1] "(52) l5pdKEMAAAAJ [DONE]"
[1] "(53) zScqWS4AAAAJ [DONE]"
[1] "(54) HEfoQi8AAAAJ [DONE]"
[1] "(55) 9IRCBIUAAAAJ [DONE]"
[1] "(56) 17fxZOsAAAAJ [DONE]"
xzkihjgAAAAJ doesn't have publicatios for the current year: 2024
[1] "(57) xzkihjgAAAAJ [DONE]"
[1] "(58) 8qQC-rYAAAAJ [DONE]"
[1] "(59) Ikn5nuEAAAAJ [DONE]"
[1] "(60) bHZBTc0AAAAJ [DONE]"
UWTkntcAAAAJ doesn't have publicatios for the current year: 2024
[1] "(61) UWTkntcAAAAJ [DONE]"
HoACskwAAAAJ doesn't have publicatios for the current year: 2024
[1] "(62) HoACskwAAAAJ [DONE]"
[1] "(63) A5fs6DwAAAAJ [DONE]"
sSwrIhcAAAAJ doesn't have publicatios for the current year: 2024
[1] "(64) sSwrIhcAAAAJ [DONE]"
BNh_UBwAAAAJ doesn't have publicatios for the current year: 2024
[1] "(65) BNh_UBwAAAAJ [DONE]"
xYOtD0wAAAAJ doesn't have publicatios for the current year: 2024
[1] "(66) xYOtD0wAAAAJ [DONE]"
[1] "(67) XXz8jJkAAAAJ [DONE]"
85hRaYkAAAAJ doesn't have publicatios for the current year: 2024
[1] "(68) 85hRaYkAAAAJ [DONE]"
JeHc3boAAAAJ doesn't have publicatios for the current year: 2024
[1] "(69) JeHc3boAAAAJ [DONE]"
[1] "(70) HJpzVv8AAAAJ [DONE]"
fgBUBNMAAAAJ doesn't have publicatios for the current year: 2024
[1] "(71) fgBUBNMAAAAJ [DONE]"
FXVV-oYAAAAJ doesn't have publicatios for the current year: 2024
[1] "(72) FXVV-oYAAAAJ [DONE]"
x2ElEHEAAAAJ doesn't have publicatios for the current year: 2024
[1] "(73) x2ElEHEAAAAJ [DONE]"
b5z7VpcAAAAJ doesn't have publicatios for the current year: 2024
[1] "(74) b5z7VpcAAAAJ [DONE]"
ZQEfMAMAAAAJ doesn't have publicatios for the current year: 2024
[1] "(75) ZQEfMAMAAAAJ [DONE]"
iSGsKS0AAAAJ doesn't have publicatios for the current year: 2024
[1] "(76) iSGsKS0AAAAJ [DONE]"
GBYCKyUAAAAJ doesn't have publicatios for the current year: 2024
[1] "(77) GBYCKyUAAAAJ [DONE]"
2FGsG8cAAAAJ doesn't have publicatios for the current year: 2024
[1] "(78) 2FGsG8cAAAAJ [DONE]"
qWPSUU4AAAAJ doesn't have publicatios for the current year: 2024
[1] "(79) qWPSUU4AAAAJ [DONE]"
hXyrfekAAAAJ doesn't have publicatios for the current year: 2024
[1] "(80) hXyrfekAAAAJ [DONE]"
[1] "(81) fFteX-QAAAAJ [DONE]"
[1] "(82) 2yKj_iwAAAAJ [DONE]"
[1] "(83) aWxv5PcAAAAJ [DONE]"
[1] "(84) O15H77AAAAAJ [DONE]"
[1] "(85) QaiwL_IAAAAJ [DONE]"
[1] "(86) HJKeQTcAAAAJ [DONE]"
z5N5ZhwAAAAJ doesn't have publicatios for the current year: 2024
[1] "(87) z5N5ZhwAAAAJ [DONE]"
[1] "(88) gE1xITYAAAAJ [DONE]"
[1] "(89) -Jp7r8wAAAAJ [DONE]"
xdxRRaUAAAAJ doesn't have publicatios for the current year: 2024
[1] "(90) xdxRRaUAAAAJ [DONE]"
[1] "(91) bZ0K6lQAAAAJ [DONE]"
[1] "(92) aBLA_9AAAAAJ [DONE]"
[1] "(93) yhfNByQAAAAJ [DONE]"
[1] "(94) 1Z4ZoPsAAAAJ [DONE]"
[1] "(95) VqOuI58AAAAJ [DONE]"
[1] "(96) B4SokrcAAAAJ [DONE]"
[1] "(97) od02PB0AAAAJ [DONE]"
[1] "(98) ED_V5ucAAAAJ [DONE]"
MgIzXYcAAAAJ doesn't have publicatios for the current year: 2024
[1] "(99) MgIzXYcAAAAJ [DONE]"
lbPRqHwAAAAJ doesn't have publicatios for the current year: 2024
[1] "(100) lbPRqHwAAAAJ [DONE]"
[1] "(101) KxotB0AAAAAJ [DONE]"
[1] "(102) BUlL9twAAAAJ [DONE]"
[1] "(103) HNJOUn0AAAAJ [DONE]"
[1] "(104) YKyzqjkAAAAJ [DONE]"
[1] "(105) 0qa3raMAAAAJ [DONE]"
6GjPBMYAAAAJ doesn't have publicatios for the current year: 2024
[1] "(106) 6GjPBMYAAAAJ [DONE]"
[1] "(107) 9G047jAAAAAJ [DONE]"
1GiAGgwAAAAJ doesn't have publicatios for the current year: 2024
[1] "(108) 1GiAGgwAAAAJ [DONE]"
No publications found for the id: oWHlEqkAAAAJ
[1] "(110) ohm_vVMAAAAJ [DONE]"
[1] "(111) KXw-s0AAAAAJ [DONE]"
[1] "(112) 2_ap8E8AAAAJ [DONE]"
[1] "(113) EyiEY3QAAAAJ [DONE]"
[1] "(114) 9w_UCy0AAAAJ [DONE]"
[1] "(115) BiL5k44AAAAJ [DONE]"
[1] "(116) cMZExpMAAAAJ [DONE]"
[1] "(117) LrNS0KAAAAAJ [DONE]"
[1] "(118) 8QcEovcAAAAJ [DONE]"
[1] "(119) cAuYIu8AAAAJ [DONE]"
[1] "(120) jKuNJiwAAAAJ [DONE]"
[1] "(121) uPDF9nkAAAAJ [DONE]"
[1] "(122) k1RNOy0AAAAJ [DONE]"
[1] "(123) KKEH1sMAAAAJ [DONE]"
[1] "(124) QSwpcb0AAAAJ [DONE]"
[1] "(125) GbBWnOAAAAAJ [DONE]"
[1] "(126) 2mr_0HIAAAAJ [DONE]"
[1] "(127) Otr-T3YAAAAJ [DONE]"
[1] "(128) LLfguDwAAAAJ [DONE]"
[1] "(129) 6T-TEA4AAAAJ [DONE]"
[1] "(130) Zob_LtAAAAAJ [DONE]"
[1] "(131) MJOEKM8AAAAJ [DONE]"
[1] "(132) 5_YD3ZYAAAAJ [DONE]"
[1] "(133) moKsDBQAAAAJ [DONE]"
[1] "(134) VC9il20AAAAJ [DONE]"
[1] "(135) ZIe45ekAAAAJ [DONE]"
[1] "(136) leiK9mQAAAAJ [DONE]"
[1] "(137) 8zTlDwcAAAAJ [DONE]"
[1] "(138) IAK0cV4AAAAJ [DONE]"
[1] "(139) GSyWvl8AAAAJ [DONE]"
[1] "(140) k9H-YSIAAAAJ [DONE]"
[1] "(141) Cbob540AAAAJ [DONE]"
[1] "(142) -qYSp6EAAAAJ [DONE]"
qoJPgf0AAAAJ doesn't have publicatios for the current year: 2024
[1] "(143) qoJPgf0AAAAJ [DONE]"
[1] "(144) ZjyZtRgAAAAJ [DONE]"
RAMmyoAAAAAJ doesn't have publicatios for the current year: 2024
[1] "(145) RAMmyoAAAAAJ [DONE]"
[1] "(146) Znc7kUUAAAAJ [DONE]"
[1] "(147) M0FS964AAAAJ [DONE]"
[1] "(148) 9Qe2APQAAAAJ [DONE]"
rpYefy4AAAAJ doesn't have publicatios for the current year: 2024
[1] "(149) rpYefy4AAAAJ [DONE]"
SegaG7AAAAAJ doesn't have publicatios for the current year: 2024
[1] "(150) SegaG7AAAAAJ [DONE]"
YeJYMwMAAAAJ doesn't have publicatios for the current year: 2024
[1] "(151) YeJYMwMAAAAJ [DONE]"
[1] "(152) 4E-WYDIAAAAJ [DONE]"
[1] "(153) 0mhwUkcAAAAJ [DONE]"
[1] "(154) cwuGMP8AAAAJ [DONE]"
[1] "(155) yWnVRNIAAAAJ [DONE]"
[1] "(156) HF7bFVkAAAAJ [DONE]"
[1] "(157) 2i9mLfMAAAAJ [DONE]"
[1] "(158) 96sgQ2UAAAAJ [DONE]"
[1] "(159) LmAU7x9nw_4C [DONE]"
n2ii2CsAAAAJ doesn't have publicatios for the current year: 2024
[1] "(160) n2ii2CsAAAAJ [DONE]"
[1] "(161) PrgRRZoAAAAJ [DONE]"
[1] "(162) Bm58r-QAAAAJ [DONE]"
[1] "(163) hntyXx0AAAAJ [DONE]"
[1] "(164) CcfnW6MAAAAJ [DONE]"
[1] "(165) 6SX0q70AAAAJ [DONE]"
mLY1WnQAAAAJ doesn't have publicatios for the current year: 2024
[1] "(166) mLY1WnQAAAAJ [DONE]"
g02ieo0AAAAJ doesn't have publicatios for the current year: 2024
[1] "(167) g02ieo0AAAAJ [DONE]"
No publications found for the id: 0K-4gZsAAAAJ
PwCoT9QAAAAJ doesn't have publicatios for the current year: 2024
[1] "(169) PwCoT9QAAAAJ [DONE]"
[1] "(170) 7AYAjUMAAAAJ [DONE]"
hVPK5xAAAAAJ doesn't have publicatios for the current year: 2024
[1] "(171) hVPK5xAAAAAJ [DONE]"
s6PwZqkAAAAJ doesn't have publicatios for the current year: 2024
[1] "(172) s6PwZqkAAAAJ [DONE]"
[1] "(173) bvR5z2MAAAAJ [DONE]"
[1] "(174) QAwoDZQAAAAJ [DONE]"
[1] "(175) uXBpjEIAAAAJ [DONE]"
[1] "(176) bdnReLYAAAAJ [DONE]"
-NATwAoAAAAJ doesn't have publicatios for the current year: 2024
[1] "(177) -NATwAoAAAAJ [DONE]"
[1] "(178) vcUpsbcAAAAJ [DONE]"
qRhna9QAAAAJ doesn't have publicatios for the current year: 2024
[1] "(179) qRhna9QAAAAJ [DONE]"
MTEd0lwAAAAJ doesn't have publicatios for the current year: 2024
[1] "(180) MTEd0lwAAAAJ [DONE]"
rQes31AAAAAJ doesn't have publicatios for the current year: 2024
[1] "(181) rQes31AAAAAJ [DONE]"
0jFVJOcAAAAJ doesn't have publicatios for the current year: 2024
[1] "(182) 0jFVJOcAAAAJ [DONE]"
[1] "(183) 6d2jfaEAAAAJ [DONE]"
sAqVc8AAAAAJ doesn't have publicatios for the current year: 2024
[1] "(184) sAqVc8AAAAAJ [DONE]"
[1] "(185) lsZm8icAAAAJ [DONE]"
[1] "(186) loWlieoAAAAJ [DONE]"
FXTpVb8AAAAJ doesn't have publicatios for the current year: 2024
[1] "(187) FXTpVb8AAAAJ [DONE]"
[1] "(188) 1w0FF3wAAAAJ [DONE]"
[1] "(189) -dJYdywAAAAJ [DONE]"
[1] "(190) jyg7ahQAAAAJ [DONE]"
[1] "(191) Il2sI8AAAAAJ [DONE]"
[1] "(192) Go4drFMAAAAJ [DONE]"
[1] "(193) StOBA0AAAAAJ [DONE]"
[1] "(194) PpmrkZsAAAAJ [DONE]"
[1] "(195) OmulQ3gAAAAJ [DONE]"
[1] "(196) a7cwKJMAAAAJ [DONE]"
[1] "(197) bk-les8AAAAJ [DONE]"
[1] "(198) HLnP4vUAAAAJ [DONE]"
OrRVVowAAAAJ doesn't have publicatios for the current year: 2024
[1] "(199) OrRVVowAAAAJ [DONE]"
[1] "(200) dd5twMIAAAAJ [DONE]"
[1] "(201) JycqxoIAAAAJ [DONE]"
[1] "(202) GjgCLaUAAAAJ [DONE]"
[1] "(203) I8GlP6MAAAAJ [DONE]"
[1] "(204) CRUo41EAAAAJ [DONE]"
oRVim7oAAAAJ doesn't have publicatios for the current year: 2024
[1] "(205) oRVim7oAAAAJ [DONE]"
[1] "(206) wTP2TbQAAAAJ [DONE]"
[1] "(207) noD-FTcAAAAJ [DONE]"
[1] "(208) vK4GmJMAAAAJ [DONE]"
nTMAjGkAAAAJ doesn't have publicatios for the current year: 2024
[1] "(209) nTMAjGkAAAAJ [DONE]"
[1] "(210) HrHXO5kAAAAJ [DONE]"
[1] "(211) Plvn0XMAAAAJ [DONE]"
[1] "(212) Pg0r2RMAAAAJ [DONE]"
[1] "(213) UwASpVMAAAAJ [DONE]"
[1] "(214) djL1v-8AAAAJ [DONE]"
[1] "(215) LasuvXwAAAAJ [DONE]"
yaAqu6AAAAAJ doesn't have publicatios for the current year: 2024
[1] "(216) yaAqu6AAAAAJ [DONE]"
[1] "(217) ovCMfUAAAAAJ [DONE]"
rAxmhmoAAAAJ doesn't have publicatios for the current year: 2024
[1] "(218) rAxmhmoAAAAJ [DONE]"
[1] "(219) rZ3Hm1MAAAAJ [DONE]"
84d3_rUAAAAJ doesn't have publicatios for the current year: 2024
[1] "(220) 84d3_rUAAAAJ [DONE]"
NmsUN1YAAAAJ doesn't have publicatios for the current year: 2024
[1] "(221) NmsUN1YAAAAJ [DONE]"
wzbAozIAAAAJ doesn't have publicatios for the current year: 2024
[1] "(222) wzbAozIAAAAJ [DONE]"
mSIeQl4AAAAJ doesn't have publicatios for the current year: 2024
[1] "(223) mSIeQl4AAAAJ [DONE]"
[1] "(224) fTJnl8MAAAAJ [DONE]"
[1] "(225) 8N_Pe6IAAAAJ [DONE]"
[1] "(226) u2oLZPkAAAAJ [DONE]"
[1] "(227) tJA7RpYAAAAJ [DONE]"
No publications found for the id: 94Md6-Caaaaj
[1] "(229) kqNsiRwAAAAJ [DONE]"
Gj9Y3a8AAAAJ doesn't have publicatios for the current year: 2024
[1] "(230) Gj9Y3a8AAAAJ [DONE]"
HjlTr7UAAAAJ doesn't have publicatios for the current year: 2024
[1] "(231) HjlTr7UAAAAJ [DONE]"
meIwAYcAAAAJ doesn't have publicatios for the current year: 2024
[1] "(232) meIwAYcAAAAJ [DONE]"
cnsG3jQAAAAJ doesn't have publicatios for the current year: 2024
[1] "(233) cnsG3jQAAAAJ [DONE]"
Sgzq-eAAAAAJ doesn't have publicatios for the current year: 2024
[1] "(234) Sgzq-eAAAAAJ [DONE]"
[1] "(235) ANKnsecAAAAJ [DONE]"
[1] "(236) yujXiGgAAAAJ [DONE]"
VGA2Pk0AAAAJ doesn't have publicatios for the current year: 2024
[1] "(237) VGA2Pk0AAAAJ [DONE]"
_7ndzp8AAAAJ doesn't have publicatios for the current year: 2024
[1] "(238) _7ndzp8AAAAJ [DONE]"
Warning messages:
1: In get_scholar_resp(url) :
  Page 404. Please check whether the provided URL is correct.
2: In get_scholar_resp(url) :
  Page 404. Please check whether the provided URL is correct.
3: In get_scholar_resp(url) :
  Page 404. Please check whether the provided URL is correct.
